[2026-02-27T19:57:30.221Z] Starting submission for user 6991d44cd3399de75616260e, question 699c99e886563ee96ca12a88
[2026-02-27T19:57:30.366Z] Fetched problem: Decode Ways. TestCases count: 3
[2026-02-27T19:57:31.643Z] Execution result: Success=true, SyntaxError=false
[2026-02-27T19:57:31.644Z] Execution results count: 3
[2026-02-27T19:57:31.644Z] Determined Status: Accepted, Passed: 3/3
[2026-02-27T19:57:40.994Z] AI Feedback successfully retrieved. Grade: A
[2026-02-27T20:01:29.883Z] Starting submission for user 6991d44cd3399de75616260e, question 699c8ed42a71ae5c92bff53b
[2026-02-27T20:01:30.025Z] Fetched problem: Median of Two Sorted Arrays. TestCases count: 2
[2026-02-27T20:01:31.489Z] Execution result: Success=true, SyntaxError=false
[2026-02-27T20:01:31.593Z] Execution results count: 2
[2026-02-27T20:01:31.594Z] Determined Status: Accepted, Passed: 2/2
[2026-02-27T20:01:38.822Z] AI Feedback successfully retrieved. Grade: B
[2026-03-04T15:54:52.152Z] Starting submission for user 69a578e5ec4f5660b23b3ac5, question 699c8ed42a71ae5c92bff53b
[2026-03-04T15:54:52.279Z] Fetched problem: Median of Two Sorted Arrays. TestCases count: 2
[2026-03-04T15:54:52.432Z] Execution result: Success=true, SyntaxError=false
[2026-03-04T15:54:52.432Z] Execution results count: 2
[2026-03-04T15:54:52.433Z] Determined Status: Accepted, Passed: 2/2
[2026-03-04T15:55:19.756Z] Starting submission for user 69a578e5ec4f5660b23b3ac5, question 699c8ed42a71ae5c92bff53b
[2026-03-04T15:55:19.837Z] Fetched problem: Median of Two Sorted Arrays. TestCases count: 2
[2026-03-04T15:55:19.979Z] Execution result: Success=true, SyntaxError=false
[2026-03-04T15:55:19.982Z] Execution results count: 2
[2026-03-04T15:55:19.983Z] Determined Status: Accepted, Passed: 2/2
[2026-03-04T15:59:58.464Z] AI Feedback Error (Non-critical): This model is currently experiencing high demand. Spikes in demand are usually temporary. Please try again later.
[2026-03-04T16:00:01.117Z] AI Feedback Error (Non-critical): fetch failed
